<?xml version="1.0" encoding="UTF-8"?>
<!-- Generated by org.testng.reporters.JUnitXMLReporter -->
<testsuite ignored="1" hostname="AIPLLAP423" failures="0" tests="1" name="Default test" time="49.449" errors="0" timestamp="2024-07-22T19:40:40 IST">
  <testcase classname="e2logy.TestCases.SalePageTest" name="Click_on_Sale_Link" time="6.038"/>
  <testcase classname="e2logy.TestCases.SalePageTest" name="Verify_Title" time="0.0">
    <ignored/>
  </testcase> <!-- Verify_Title -->
</testsuite> <!-- Default test -->
