<?xml version="1.0" encoding="UTF-8"?>
<!-- Generated by org.testng.reporters.JUnitXMLReporter -->
<testsuite ignored="2" hostname="AIPLLAP423" failures="0" tests="3" name="Default test" time="154.496" errors="0" timestamp="2024-07-25T14:16:04 IST">
  <testcase classname="e2logy.TestCases.CheckOutTest" name="VerifyCheckOutFunctionalitywithNagativeValueTest" time="10.129"/>
  <testcase classname="e2logy.TestCases.CheckOutTest" name="VerifyCheckOutFunctionalitywithNagativeValueTest" time="10.335"/>
  <testcase classname="e2logy.TestCases.CheckOutTest" name="VerifyCheckOutFunctionalitywithNagativeValueTest" time="10.019"/>
  <testcase classname="e2logy.TestCases.CheckOutTest" name="Check_Check_Out_Page_Title_Test" time="0.0">
    <ignored/>
  </testcase> <!-- Check_Check_Out_Page_Title_Test -->
  <testcase classname="e2logy.TestCases.CheckOutTest" name="CheckOutRequiredFieldValidationTest" time="0.0">
    <ignored/>
  </testcase> <!-- CheckOutRequiredFieldValidationTest -->
</testsuite> <!-- Default test -->
