<?xml version="1.0" encoding="UTF-8"?>
<!-- Generated by org.testng.reporters.JUnitXMLReporter -->
<testsuite ignored="0" hostname="AIPLLAP423" failures="0" tests="21" name="Check Add To Cart Items" time="130.157" errors="0" timestamp="2024-08-11T19:40:35 IST">
  <testcase classname="ecomm.TestCases.CheckOutTest" name="@BeforeMethod setup" time="22.547">
    <failure type="org.openqa.selenium.TimeoutException" message="timeout: Timed out receiving message from renderer: 17.614
  (Session info: chrome=127.0.6533.100)
Build info: version: &amp;apos;4.15.0&amp;apos;, revision: &amp;apos;1d14b5521b&amp;apos;
System info: os.name: &amp;apos;Windows 10&amp;apos;, os.arch: &amp;apos;amd64&amp;apos;, os.version: &amp;apos;10.0&amp;apos;, java.version: &amp;apos;17.0.3&amp;apos;
Driver info: org.openqa.selenium.chrome.ChromeDriver
Command: [38a3d75a544334d14389650d4ecea960, get {url=https://www.beeinspiredclothing.com/}]
Capabilities {acceptInsecureCerts: false, browserName: chrome, browserVersion: 127.0.6533.100, chrome: {chromedriverVersion: 127.0.6533.99 (f31af5097d90..., userDataDir: C:\Users\BHAUMI~1.GOH\AppDa...}, fedcm:accounts: true, goog:chromeOptions: {debuggerAddress: localhost:61384}, networkConnectionEnabled: false, pageLoadStrategy: normal, platformName: windows, proxy: Proxy(), se:cdp: ws://localhost:61384/devtoo..., se:cdpVersion: 127.0.6533.100, setWindowRect: true, strictFileInteractability: false, timeouts: {implicit: 0, pageLoad: 300000, script: 30000}, unhandledPromptBehavior: dismiss and notify, webauthn:extension:credBlob: true, webauthn:extension:largeBlob: true, webauthn:extension:minPinLength: true, webauthn:extension:prf: true, webauthn:virtualAuthenticators: true}
Session ID: 38a3d75a544334d14389650d4ecea960">
      <![CDATA[org.openqa.selenium.TimeoutException: timeout: Timed out receiving message from renderer: 17.614
  (Session info: chrome=127.0.6533.100)
Build info: version: '4.15.0', revision: '1d14b5521b'
System info: os.name: 'Windows 10', os.arch: 'amd64', os.version: '10.0', java.version: '17.0.3'
Driver info: org.openqa.selenium.chrome.ChromeDriver
Command: [38a3d75a544334d14389650d4ecea960, get {url=https://www.beeinspiredclothing.com/}]
Capabilities {acceptInsecureCerts: false, browserName: chrome, browserVersion: 127.0.6533.100, chrome: {chromedriverVersion: 127.0.6533.99 (f31af5097d90..., userDataDir: C:\Users\BHAUMI~1.GOH\AppDa...}, fedcm:accounts: true, goog:chromeOptions: {debuggerAddress: localhost:61384}, networkConnectionEnabled: false, pageLoadStrategy: normal, platformName: windows, proxy: Proxy(), se:cdp: ws://localhost:61384/devtoo..., se:cdpVersion: 127.0.6533.100, setWindowRect: true, strictFileInteractability: false, timeouts: {implicit: 0, pageLoad: 300000, script: 30000}, unhandledPromptBehavior: dismiss and notify, webauthn:extension:credBlob: true, webauthn:extension:largeBlob: true, webauthn:extension:minPinLength: true, webauthn:extension:prf: true, webauthn:virtualAuthenticators: true}
Session ID: 38a3d75a544334d14389650d4ecea960
at org.openqa.selenium.remote.codec.w3c.W3CHttpResponseCodec.createException(W3CHttpResponseCodec.java:200)
at org.openqa.selenium.remote.codec.w3c.W3CHttpResponseCodec.decode(W3CHttpResponseCodec.java:133)
at org.openqa.selenium.remote.codec.w3c.W3CHttpResponseCodec.decode(W3CHttpResponseCodec.java:52)
at org.openqa.selenium.remote.HttpCommandExecutor.execute(HttpCommandExecutor.java:191)
at org.openqa.selenium.remote.service.DriverCommandExecutor.invokeExecute(DriverCommandExecutor.java:200)
at org.openqa.selenium.remote.service.DriverCommandExecutor.execute(DriverCommandExecutor.java:175)
at org.openqa.selenium.remote.RemoteWebDriver.execute(RemoteWebDriver.java:607)
at org.openqa.selenium.remote.RemoteWebDriver.get(RemoteWebDriver.java:309)
at ecomm.Base.TestBase.initilization(TestBase.java:55)
at ecomm.TestCases.CheckOutTest.setup(CheckOutTest.java:36)
at java.base/java.util.ArrayList.forEach(ArrayList.java:1511)
at java.base/java.util.concurrent.FutureTask.run(FutureTask.java:264)
at java.base/java.util.concurrent.ThreadPoolExecutor.runWorker(ThreadPoolExecutor.java:1136)
at java.base/java.util.concurrent.ThreadPoolExecutor$Worker.run(ThreadPoolExecutor.java:635)
at java.base/java.lang.Thread.run(Thread.java:833)
... Removed 27 stack frames]]>
    </failure>
  </testcase> <!-- @BeforeMethod setup -->
  <testcase classname="ecomm.TestCases.CheckOutTest" name="@AfterMethod terminate" time="-1.723385328528E9">
    <skipped/>
  </testcase> <!-- @AfterMethod terminate -->
  <testcase classname="ecomm.TestCases.HomePageTest" name="@BeforeMethod Setup" time="21.318">
    <failure type="org.openqa.selenium.TimeoutException" message="timeout: Timed out receiving message from renderer: 18.509
  (Session info: chrome=127.0.6533.100)
Build info: version: &amp;apos;4.15.0&amp;apos;, revision: &amp;apos;1d14b5521b&amp;apos;
System info: os.name: &amp;apos;Windows 10&amp;apos;, os.arch: &amp;apos;amd64&amp;apos;, os.version: &amp;apos;10.0&amp;apos;, java.version: &amp;apos;17.0.3&amp;apos;
Driver info: org.openqa.selenium.chrome.ChromeDriver
Command: [e3c3f9aeec22785ce84e3e93cd1522f4, get {url=https://www.beeinspiredclothing.com/}]
Capabilities {acceptInsecureCerts: false, browserName: chrome, browserVersion: 127.0.6533.100, chrome: {chromedriverVersion: 127.0.6533.99 (f31af5097d90..., userDataDir: C:\Users\BHAUMI~1.GOH\AppDa...}, fedcm:accounts: true, goog:chromeOptions: {debuggerAddress: localhost:61464}, networkConnectionEnabled: false, pageLoadStrategy: normal, platformName: windows, proxy: Proxy(), se:cdp: ws://localhost:61464/devtoo..., se:cdpVersion: 127.0.6533.100, setWindowRect: true, strictFileInteractability: false, timeouts: {implicit: 0, pageLoad: 300000, script: 30000}, unhandledPromptBehavior: dismiss and notify, webauthn:extension:credBlob: true, webauthn:extension:largeBlob: true, webauthn:extension:minPinLength: true, webauthn:extension:prf: true, webauthn:virtualAuthenticators: true}
Session ID: e3c3f9aeec22785ce84e3e93cd1522f4">
      <![CDATA[org.openqa.selenium.TimeoutException: timeout: Timed out receiving message from renderer: 18.509
  (Session info: chrome=127.0.6533.100)
Build info: version: '4.15.0', revision: '1d14b5521b'
System info: os.name: 'Windows 10', os.arch: 'amd64', os.version: '10.0', java.version: '17.0.3'
Driver info: org.openqa.selenium.chrome.ChromeDriver
Command: [e3c3f9aeec22785ce84e3e93cd1522f4, get {url=https://www.beeinspiredclothing.com/}]
Capabilities {acceptInsecureCerts: false, browserName: chrome, browserVersion: 127.0.6533.100, chrome: {chromedriverVersion: 127.0.6533.99 (f31af5097d90..., userDataDir: C:\Users\BHAUMI~1.GOH\AppDa...}, fedcm:accounts: true, goog:chromeOptions: {debuggerAddress: localhost:61464}, networkConnectionEnabled: false, pageLoadStrategy: normal, platformName: windows, proxy: Proxy(), se:cdp: ws://localhost:61464/devtoo..., se:cdpVersion: 127.0.6533.100, setWindowRect: true, strictFileInteractability: false, timeouts: {implicit: 0, pageLoad: 300000, script: 30000}, unhandledPromptBehavior: dismiss and notify, webauthn:extension:credBlob: true, webauthn:extension:largeBlob: true, webauthn:extension:minPinLength: true, webauthn:extension:prf: true, webauthn:virtualAuthenticators: true}
Session ID: e3c3f9aeec22785ce84e3e93cd1522f4
at org.openqa.selenium.remote.codec.w3c.W3CHttpResponseCodec.createException(W3CHttpResponseCodec.java:200)
at org.openqa.selenium.remote.codec.w3c.W3CHttpResponseCodec.decode(W3CHttpResponseCodec.java:133)
at org.openqa.selenium.remote.codec.w3c.W3CHttpResponseCodec.decode(W3CHttpResponseCodec.java:52)
at org.openqa.selenium.remote.HttpCommandExecutor.execute(HttpCommandExecutor.java:191)
at org.openqa.selenium.remote.service.DriverCommandExecutor.invokeExecute(DriverCommandExecutor.java:200)
at org.openqa.selenium.remote.service.DriverCommandExecutor.execute(DriverCommandExecutor.java:175)
at org.openqa.selenium.remote.RemoteWebDriver.execute(RemoteWebDriver.java:607)
at org.openqa.selenium.remote.RemoteWebDriver.get(RemoteWebDriver.java:309)
at ecomm.Base.TestBase.initilization(TestBase.java:55)
at ecomm.TestCases.HomePageTest.Setup(HomePageTest.java:26)
at java.base/java.util.ArrayList.forEach(ArrayList.java:1511)
at java.base/java.util.concurrent.FutureTask.run(FutureTask.java:264)
at java.base/java.util.concurrent.ThreadPoolExecutor.runWorker(ThreadPoolExecutor.java:1136)
at java.base/java.util.concurrent.ThreadPoolExecutor$Worker.run(ThreadPoolExecutor.java:635)
at java.base/java.lang.Thread.run(Thread.java:833)
... Removed 27 stack frames]]>
    </failure>
  </testcase> <!-- @BeforeMethod Setup -->
  <testcase classname="ecomm.TestCases.HomePageTest" name="@AfterMethod Terminate" time="-1.723385349861E9">
    <skipped/>
  </testcase> <!-- @AfterMethod Terminate -->
  <testcase classname="ecomm.TestCases.LoginTest" name="@BeforeMethod setup" time="21.357">
    <failure type="org.openqa.selenium.TimeoutException" message="timeout: Timed out receiving message from renderer: 19.392
  (Session info: chrome=127.0.6533.100)
Build info: version: &amp;apos;4.15.0&amp;apos;, revision: &amp;apos;1d14b5521b&amp;apos;
System info: os.name: &amp;apos;Windows 10&amp;apos;, os.arch: &amp;apos;amd64&amp;apos;, os.version: &amp;apos;10.0&amp;apos;, java.version: &amp;apos;17.0.3&amp;apos;
Driver info: org.openqa.selenium.chrome.ChromeDriver
Command: [f9c7432c0e48d75a684f3c85f81a4d88, get {url=https://www.beeinspiredclothing.com/}]
Capabilities {acceptInsecureCerts: false, browserName: chrome, browserVersion: 127.0.6533.100, chrome: {chromedriverVersion: 127.0.6533.99 (f31af5097d90..., userDataDir: C:\Users\BHAUMI~1.GOH\AppDa...}, fedcm:accounts: true, goog:chromeOptions: {debuggerAddress: localhost:61556}, networkConnectionEnabled: false, pageLoadStrategy: normal, platformName: windows, proxy: Proxy(), se:cdp: ws://localhost:61556/devtoo..., se:cdpVersion: 127.0.6533.100, setWindowRect: true, strictFileInteractability: false, timeouts: {implicit: 0, pageLoad: 300000, script: 30000}, unhandledPromptBehavior: dismiss and notify, webauthn:extension:credBlob: true, webauthn:extension:largeBlob: true, webauthn:extension:minPinLength: true, webauthn:extension:prf: true, webauthn:virtualAuthenticators: true}
Session ID: f9c7432c0e48d75a684f3c85f81a4d88">
      <![CDATA[org.openqa.selenium.TimeoutException: timeout: Timed out receiving message from renderer: 19.392
  (Session info: chrome=127.0.6533.100)
Build info: version: '4.15.0', revision: '1d14b5521b'
System info: os.name: 'Windows 10', os.arch: 'amd64', os.version: '10.0', java.version: '17.0.3'
Driver info: org.openqa.selenium.chrome.ChromeDriver
Command: [f9c7432c0e48d75a684f3c85f81a4d88, get {url=https://www.beeinspiredclothing.com/}]
Capabilities {acceptInsecureCerts: false, browserName: chrome, browserVersion: 127.0.6533.100, chrome: {chromedriverVersion: 127.0.6533.99 (f31af5097d90..., userDataDir: C:\Users\BHAUMI~1.GOH\AppDa...}, fedcm:accounts: true, goog:chromeOptions: {debuggerAddress: localhost:61556}, networkConnectionEnabled: false, pageLoadStrategy: normal, platformName: windows, proxy: Proxy(), se:cdp: ws://localhost:61556/devtoo..., se:cdpVersion: 127.0.6533.100, setWindowRect: true, strictFileInteractability: false, timeouts: {implicit: 0, pageLoad: 300000, script: 30000}, unhandledPromptBehavior: dismiss and notify, webauthn:extension:credBlob: true, webauthn:extension:largeBlob: true, webauthn:extension:minPinLength: true, webauthn:extension:prf: true, webauthn:virtualAuthenticators: true}
Session ID: f9c7432c0e48d75a684f3c85f81a4d88
at org.openqa.selenium.remote.codec.w3c.W3CHttpResponseCodec.createException(W3CHttpResponseCodec.java:200)
at org.openqa.selenium.remote.codec.w3c.W3CHttpResponseCodec.decode(W3CHttpResponseCodec.java:133)
at org.openqa.selenium.remote.codec.w3c.W3CHttpResponseCodec.decode(W3CHttpResponseCodec.java:52)
at org.openqa.selenium.remote.HttpCommandExecutor.execute(HttpCommandExecutor.java:191)
at org.openqa.selenium.remote.service.DriverCommandExecutor.invokeExecute(DriverCommandExecutor.java:200)
at org.openqa.selenium.remote.service.DriverCommandExecutor.execute(DriverCommandExecutor.java:175)
at org.openqa.selenium.remote.RemoteWebDriver.execute(RemoteWebDriver.java:607)
at org.openqa.selenium.remote.RemoteWebDriver.get(RemoteWebDriver.java:309)
at ecomm.Base.TestBase.initilization(TestBase.java:55)
at ecomm.TestCases.LoginTest.setup(LoginTest.java:28)
at java.base/java.util.ArrayList.forEach(ArrayList.java:1511)
at java.base/java.util.concurrent.FutureTask.run(FutureTask.java:264)
at java.base/java.util.concurrent.ThreadPoolExecutor.runWorker(ThreadPoolExecutor.java:1136)
at java.base/java.util.concurrent.ThreadPoolExecutor$Worker.run(ThreadPoolExecutor.java:635)
at java.base/java.lang.Thread.run(Thread.java:833)
... Removed 27 stack frames]]>
    </failure>
  </testcase> <!-- @BeforeMethod setup -->
  <testcase classname="ecomm.TestCases.LoginTest" name="@AfterMethod Terminate" time="-1.723385371227E9">
    <skipped/>
  </testcase> <!-- @AfterMethod Terminate -->
  <testcase classname="ecomm.TestCases.AccountPageTest" name="@BeforeMethod setup" time="21.393">
    <failure type="org.openqa.selenium.TimeoutException" message="timeout: Timed out receiving message from renderer: 18.520
  (Session info: chrome=127.0.6533.100)
Build info: version: &amp;apos;4.15.0&amp;apos;, revision: &amp;apos;1d14b5521b&amp;apos;
System info: os.name: &amp;apos;Windows 10&amp;apos;, os.arch: &amp;apos;amd64&amp;apos;, os.version: &amp;apos;10.0&amp;apos;, java.version: &amp;apos;17.0.3&amp;apos;
Driver info: org.openqa.selenium.chrome.ChromeDriver
Command: [4bf69aead349ac614d5bee1d655ed27c, get {url=https://www.beeinspiredclothing.com/}]
Capabilities {acceptInsecureCerts: false, browserName: chrome, browserVersion: 127.0.6533.100, chrome: {chromedriverVersion: 127.0.6533.99 (f31af5097d90..., userDataDir: C:\Users\BHAUMI~1.GOH\AppDa...}, fedcm:accounts: true, goog:chromeOptions: {debuggerAddress: localhost:61646}, networkConnectionEnabled: false, pageLoadStrategy: normal, platformName: windows, proxy: Proxy(), se:cdp: ws://localhost:61646/devtoo..., se:cdpVersion: 127.0.6533.100, setWindowRect: true, strictFileInteractability: false, timeouts: {implicit: 0, pageLoad: 300000, script: 30000}, unhandledPromptBehavior: dismiss and notify, webauthn:extension:credBlob: true, webauthn:extension:largeBlob: true, webauthn:extension:minPinLength: true, webauthn:extension:prf: true, webauthn:virtualAuthenticators: true}
Session ID: 4bf69aead349ac614d5bee1d655ed27c">
      <![CDATA[org.openqa.selenium.TimeoutException: timeout: Timed out receiving message from renderer: 18.520
  (Session info: chrome=127.0.6533.100)
Build info: version: '4.15.0', revision: '1d14b5521b'
System info: os.name: 'Windows 10', os.arch: 'amd64', os.version: '10.0', java.version: '17.0.3'
Driver info: org.openqa.selenium.chrome.ChromeDriver
Command: [4bf69aead349ac614d5bee1d655ed27c, get {url=https://www.beeinspiredclothing.com/}]
Capabilities {acceptInsecureCerts: false, browserName: chrome, browserVersion: 127.0.6533.100, chrome: {chromedriverVersion: 127.0.6533.99 (f31af5097d90..., userDataDir: C:\Users\BHAUMI~1.GOH\AppDa...}, fedcm:accounts: true, goog:chromeOptions: {debuggerAddress: localhost:61646}, networkConnectionEnabled: false, pageLoadStrategy: normal, platformName: windows, proxy: Proxy(), se:cdp: ws://localhost:61646/devtoo..., se:cdpVersion: 127.0.6533.100, setWindowRect: true, strictFileInteractability: false, timeouts: {implicit: 0, pageLoad: 300000, script: 30000}, unhandledPromptBehavior: dismiss and notify, webauthn:extension:credBlob: true, webauthn:extension:largeBlob: true, webauthn:extension:minPinLength: true, webauthn:extension:prf: true, webauthn:virtualAuthenticators: true}
Session ID: 4bf69aead349ac614d5bee1d655ed27c
at org.openqa.selenium.remote.codec.w3c.W3CHttpResponseCodec.createException(W3CHttpResponseCodec.java:200)
at org.openqa.selenium.remote.codec.w3c.W3CHttpResponseCodec.decode(W3CHttpResponseCodec.java:133)
at org.openqa.selenium.remote.codec.w3c.W3CHttpResponseCodec.decode(W3CHttpResponseCodec.java:52)
at org.openqa.selenium.remote.HttpCommandExecutor.execute(HttpCommandExecutor.java:191)
at org.openqa.selenium.remote.service.DriverCommandExecutor.invokeExecute(DriverCommandExecutor.java:200)
at org.openqa.selenium.remote.service.DriverCommandExecutor.execute(DriverCommandExecutor.java:175)
at org.openqa.selenium.remote.RemoteWebDriver.execute(RemoteWebDriver.java:607)
at org.openqa.selenium.remote.RemoteWebDriver.get(RemoteWebDriver.java:309)
at ecomm.Base.TestBase.initilization(TestBase.java:55)
at ecomm.TestCases.AccountPageTest.setup(AccountPageTest.java:27)
at java.base/java.util.ArrayList.forEach(ArrayList.java:1511)
at java.base/java.util.concurrent.FutureTask.run(FutureTask.java:264)
at java.base/java.util.concurrent.ThreadPoolExecutor.runWorker(ThreadPoolExecutor.java:1136)
at java.base/java.util.concurrent.ThreadPoolExecutor$Worker.run(ThreadPoolExecutor.java:635)
at java.base/java.lang.Thread.run(Thread.java:833)
... Removed 27 stack frames]]>
    </failure>
  </testcase> <!-- @BeforeMethod setup -->
  <testcase classname="ecomm.TestCases.AccountPageTest" name="@AfterMethod terminate" time="-1.723385392629E9">
    <skipped/>
  </testcase> <!-- @AfterMethod terminate -->
  <testcase classname="ecomm.TestCases.SalePageTest" name="@BeforeMethod setup" time="21.466">
    <failure type="org.openqa.selenium.TimeoutException" message="timeout: Timed out receiving message from renderer: 18.567
  (Session info: chrome=127.0.6533.100)
Build info: version: &amp;apos;4.15.0&amp;apos;, revision: &amp;apos;1d14b5521b&amp;apos;
System info: os.name: &amp;apos;Windows 10&amp;apos;, os.arch: &amp;apos;amd64&amp;apos;, os.version: &amp;apos;10.0&amp;apos;, java.version: &amp;apos;17.0.3&amp;apos;
Driver info: org.openqa.selenium.chrome.ChromeDriver
Command: [afdab0a030327bc20328035896874437, get {url=https://www.beeinspiredclothing.com/}]
Capabilities {acceptInsecureCerts: false, browserName: chrome, browserVersion: 127.0.6533.100, chrome: {chromedriverVersion: 127.0.6533.99 (f31af5097d90..., userDataDir: C:\Users\BHAUMI~1.GOH\AppDa...}, fedcm:accounts: true, goog:chromeOptions: {debuggerAddress: localhost:61735}, networkConnectionEnabled: false, pageLoadStrategy: normal, platformName: windows, proxy: Proxy(), se:cdp: ws://localhost:61735/devtoo..., se:cdpVersion: 127.0.6533.100, setWindowRect: true, strictFileInteractability: false, timeouts: {implicit: 0, pageLoad: 300000, script: 30000}, unhandledPromptBehavior: dismiss and notify, webauthn:extension:credBlob: true, webauthn:extension:largeBlob: true, webauthn:extension:minPinLength: true, webauthn:extension:prf: true, webauthn:virtualAuthenticators: true}
Session ID: afdab0a030327bc20328035896874437">
      <![CDATA[org.openqa.selenium.TimeoutException: timeout: Timed out receiving message from renderer: 18.567
  (Session info: chrome=127.0.6533.100)
Build info: version: '4.15.0', revision: '1d14b5521b'
System info: os.name: 'Windows 10', os.arch: 'amd64', os.version: '10.0', java.version: '17.0.3'
Driver info: org.openqa.selenium.chrome.ChromeDriver
Command: [afdab0a030327bc20328035896874437, get {url=https://www.beeinspiredclothing.com/}]
Capabilities {acceptInsecureCerts: false, browserName: chrome, browserVersion: 127.0.6533.100, chrome: {chromedriverVersion: 127.0.6533.99 (f31af5097d90..., userDataDir: C:\Users\BHAUMI~1.GOH\AppDa...}, fedcm:accounts: true, goog:chromeOptions: {debuggerAddress: localhost:61735}, networkConnectionEnabled: false, pageLoadStrategy: normal, platformName: windows, proxy: Proxy(), se:cdp: ws://localhost:61735/devtoo..., se:cdpVersion: 127.0.6533.100, setWindowRect: true, strictFileInteractability: false, timeouts: {implicit: 0, pageLoad: 300000, script: 30000}, unhandledPromptBehavior: dismiss and notify, webauthn:extension:credBlob: true, webauthn:extension:largeBlob: true, webauthn:extension:minPinLength: true, webauthn:extension:prf: true, webauthn:virtualAuthenticators: true}
Session ID: afdab0a030327bc20328035896874437
at org.openqa.selenium.remote.codec.w3c.W3CHttpResponseCodec.createException(W3CHttpResponseCodec.java:200)
at org.openqa.selenium.remote.codec.w3c.W3CHttpResponseCodec.decode(W3CHttpResponseCodec.java:133)
at org.openqa.selenium.remote.codec.w3c.W3CHttpResponseCodec.decode(W3CHttpResponseCodec.java:52)
at org.openqa.selenium.remote.HttpCommandExecutor.execute(HttpCommandExecutor.java:191)
at org.openqa.selenium.remote.service.DriverCommandExecutor.invokeExecute(DriverCommandExecutor.java:200)
at org.openqa.selenium.remote.service.DriverCommandExecutor.execute(DriverCommandExecutor.java:175)
at org.openqa.selenium.remote.RemoteWebDriver.execute(RemoteWebDriver.java:607)
at org.openqa.selenium.remote.RemoteWebDriver.get(RemoteWebDriver.java:309)
at ecomm.Base.TestBase.initilization(TestBase.java:55)
at ecomm.TestCases.SalePageTest.setup(SalePageTest.java:30)
at java.base/java.util.ArrayList.forEach(ArrayList.java:1511)
at java.base/java.util.concurrent.FutureTask.run(FutureTask.java:264)
at java.base/java.util.concurrent.ThreadPoolExecutor.runWorker(ThreadPoolExecutor.java:1136)
at java.base/java.util.concurrent.ThreadPoolExecutor$Worker.run(ThreadPoolExecutor.java:635)
at java.base/java.lang.Thread.run(Thread.java:833)
... Removed 27 stack frames]]>
    </failure>
  </testcase> <!-- @BeforeMethod setup -->
  <testcase classname="ecomm.TestCases.SalePageTest" name="@AfterMethod terminate" time="-1.723385414106E9">
    <skipped/>
  </testcase> <!-- @AfterMethod terminate -->
  <testcase classname="ecomm.TestCases.ProductDetailPageTest" name="@BeforeMethod setup" time="21.3">
    <failure type="org.openqa.selenium.TimeoutException" message="timeout: Timed out receiving message from renderer: 18.393
  (Session info: chrome=127.0.6533.100)
Build info: version: &amp;apos;4.15.0&amp;apos;, revision: &amp;apos;1d14b5521b&amp;apos;
System info: os.name: &amp;apos;Windows 10&amp;apos;, os.arch: &amp;apos;amd64&amp;apos;, os.version: &amp;apos;10.0&amp;apos;, java.version: &amp;apos;17.0.3&amp;apos;
Driver info: org.openqa.selenium.chrome.ChromeDriver
Command: [59f06b88ff979620ba748277b7c77c95, get {url=https://www.beeinspiredclothing.com/}]
Capabilities {acceptInsecureCerts: false, browserName: chrome, browserVersion: 127.0.6533.100, chrome: {chromedriverVersion: 127.0.6533.99 (f31af5097d90..., userDataDir: C:\Users\BHAUMI~1.GOH\AppDa...}, fedcm:accounts: true, goog:chromeOptions: {debuggerAddress: localhost:61837}, networkConnectionEnabled: false, pageLoadStrategy: normal, platformName: windows, proxy: Proxy(), se:cdp: ws://localhost:61837/devtoo..., se:cdpVersion: 127.0.6533.100, setWindowRect: true, strictFileInteractability: false, timeouts: {implicit: 0, pageLoad: 300000, script: 30000}, unhandledPromptBehavior: dismiss and notify, webauthn:extension:credBlob: true, webauthn:extension:largeBlob: true, webauthn:extension:minPinLength: true, webauthn:extension:prf: true, webauthn:virtualAuthenticators: true}
Session ID: 59f06b88ff979620ba748277b7c77c95">
      <![CDATA[org.openqa.selenium.TimeoutException: timeout: Timed out receiving message from renderer: 18.393
  (Session info: chrome=127.0.6533.100)
Build info: version: '4.15.0', revision: '1d14b5521b'
System info: os.name: 'Windows 10', os.arch: 'amd64', os.version: '10.0', java.version: '17.0.3'
Driver info: org.openqa.selenium.chrome.ChromeDriver
Command: [59f06b88ff979620ba748277b7c77c95, get {url=https://www.beeinspiredclothing.com/}]
Capabilities {acceptInsecureCerts: false, browserName: chrome, browserVersion: 127.0.6533.100, chrome: {chromedriverVersion: 127.0.6533.99 (f31af5097d90..., userDataDir: C:\Users\BHAUMI~1.GOH\AppDa...}, fedcm:accounts: true, goog:chromeOptions: {debuggerAddress: localhost:61837}, networkConnectionEnabled: false, pageLoadStrategy: normal, platformName: windows, proxy: Proxy(), se:cdp: ws://localhost:61837/devtoo..., se:cdpVersion: 127.0.6533.100, setWindowRect: true, strictFileInteractability: false, timeouts: {implicit: 0, pageLoad: 300000, script: 30000}, unhandledPromptBehavior: dismiss and notify, webauthn:extension:credBlob: true, webauthn:extension:largeBlob: true, webauthn:extension:minPinLength: true, webauthn:extension:prf: true, webauthn:virtualAuthenticators: true}
Session ID: 59f06b88ff979620ba748277b7c77c95
at org.openqa.selenium.remote.codec.w3c.W3CHttpResponseCodec.createException(W3CHttpResponseCodec.java:200)
at org.openqa.selenium.remote.codec.w3c.W3CHttpResponseCodec.decode(W3CHttpResponseCodec.java:133)
at org.openqa.selenium.remote.codec.w3c.W3CHttpResponseCodec.decode(W3CHttpResponseCodec.java:52)
at org.openqa.selenium.remote.HttpCommandExecutor.execute(HttpCommandExecutor.java:191)
at org.openqa.selenium.remote.service.DriverCommandExecutor.invokeExecute(DriverCommandExecutor.java:200)
at org.openqa.selenium.remote.service.DriverCommandExecutor.execute(DriverCommandExecutor.java:175)
at org.openqa.selenium.remote.RemoteWebDriver.execute(RemoteWebDriver.java:607)
at org.openqa.selenium.remote.RemoteWebDriver.get(RemoteWebDriver.java:309)
at ecomm.Base.TestBase.initilization(TestBase.java:55)
at ecomm.TestCases.ProductDetailPageTest.setup(ProductDetailPageTest.java:31)
at java.base/java.util.ArrayList.forEach(ArrayList.java:1511)
at java.base/java.util.concurrent.FutureTask.run(FutureTask.java:264)
at java.base/java.util.concurrent.ThreadPoolExecutor.runWorker(ThreadPoolExecutor.java:1136)
at java.base/java.util.concurrent.ThreadPoolExecutor$Worker.run(ThreadPoolExecutor.java:635)
at java.base/java.lang.Thread.run(Thread.java:833)
... Removed 27 stack frames]]>
    </failure>
  </testcase> <!-- @BeforeMethod setup -->
  <testcase classname="ecomm.TestCases.ProductDetailPageTest" name="@AfterMethod Terminate" time="-1.723385435416E9">
    <skipped/>
  </testcase> <!-- @AfterMethod Terminate -->
  <testcase classname="ecomm.TestCases.CheckOutTest" name="@BeforeMethod setup" time="-1.723385435417E9">
    <skipped/>
  </testcase> <!-- @BeforeMethod setup -->
  <testcase classname="ecomm.TestCases.CheckOutTest" name="@AfterMethod terminate" time="-1.723385435423E9">
    <skipped/>
  </testcase> <!-- @AfterMethod terminate -->
  <testcase classname="ecomm.TestCases.AccountPageTest" name="@BeforeMethod setup" time="-1.723385435425E9">
    <skipped/>
  </testcase> <!-- @BeforeMethod setup -->
  <testcase classname="ecomm.TestCases.AccountPageTest" name="@AfterMethod terminate" time="-1.723385435429E9">
    <skipped/>
  </testcase> <!-- @AfterMethod terminate -->
  <testcase classname="ecomm.TestCases.SalePageTest" name="@BeforeMethod setup" time="-1.723385435432E9">
    <skipped/>
  </testcase> <!-- @BeforeMethod setup -->
  <testcase classname="ecomm.TestCases.SalePageTest" name="@AfterMethod terminate" time="-1.723385435438E9">
    <skipped/>
  </testcase> <!-- @AfterMethod terminate -->
  <testcase classname="ecomm.TestCases.ProductDetailPageTest" name="@BeforeMethod setup" time="-1.723385435439E9">
    <skipped/>
  </testcase> <!-- @BeforeMethod setup -->
  <testcase classname="ecomm.TestCases.ProductDetailPageTest" name="@AfterMethod Terminate" time="-1.723385435445E9">
    <skipped/>
  </testcase> <!-- @AfterMethod Terminate -->
  <testcase classname="ecomm.TestCases.HomePageTest" name="@BeforeMethod Setup" time="-1.723385435447E9">
    <skipped/>
  </testcase> <!-- @BeforeMethod Setup -->
  <testcase classname="ecomm.TestCases.HomePageTest" name="@AfterMethod Terminate" time="-1.723385435452E9">
    <skipped/>
  </testcase> <!-- @AfterMethod Terminate -->
  <testcase classname="ecomm.TestCases.LoginTest" name="@BeforeMethod setup" time="-1.723385435454E9">
    <skipped/>
  </testcase> <!-- @BeforeMethod setup -->
  <testcase classname="ecomm.TestCases.LoginTest" name="@AfterMethod Terminate" time="-1.723385435458E9">
    <skipped/>
  </testcase> <!-- @AfterMethod Terminate -->
  <testcase classname="ecomm.TestCases.ProductDetailPageTest" name="@BeforeMethod setup" time="-1.723385435459E9">
    <skipped/>
  </testcase> <!-- @BeforeMethod setup -->
  <testcase classname="ecomm.TestCases.ProductDetailPageTest" name="@AfterMethod Terminate" time="-1.723385435465E9">
    <skipped/>
  </testcase> <!-- @AfterMethod Terminate -->
  <testcase classname="ecomm.TestCases.CheckOutTest" name="@BeforeMethod setup" time="-1.723385435753E9">
    <skipped/>
  </testcase> <!-- @BeforeMethod setup -->
  <testcase classname="ecomm.TestCases.CheckOutTest" name="@AfterMethod terminate" time="-1.723385435757E9">
    <skipped/>
  </testcase> <!-- @AfterMethod terminate -->
  <testcase classname="ecomm.TestCases.CheckOutTest" name="@BeforeMethod setup" time="-1.723385435758E9">
    <skipped/>
  </testcase> <!-- @BeforeMethod setup -->
  <testcase classname="ecomm.TestCases.CheckOutTest" name="@AfterMethod terminate" time="-1.723385435762E9">
    <skipped/>
  </testcase> <!-- @AfterMethod terminate -->
  <testcase classname="ecomm.TestCases.CheckOutTest" name="@BeforeMethod setup" time="-1.723385435764E9">
    <skipped/>
  </testcase> <!-- @BeforeMethod setup -->
  <testcase classname="ecomm.TestCases.CheckOutTest" name="@AfterMethod terminate" time="-1.723385435768E9">
    <skipped/>
  </testcase> <!-- @AfterMethod terminate -->
  <testcase classname="ecomm.TestCases.HomePageTest" name="@BeforeMethod Setup" time="-1.72338543577E9">
    <skipped/>
  </testcase> <!-- @BeforeMethod Setup -->
  <testcase classname="ecomm.TestCases.HomePageTest" name="@AfterMethod Terminate" time="-1.723385435773E9">
    <skipped/>
  </testcase> <!-- @AfterMethod Terminate -->
  <testcase classname="ecomm.TestCases.LoginTest" name="@BeforeMethod setup" time="-1.723385435775E9">
    <skipped/>
  </testcase> <!-- @BeforeMethod setup -->
  <testcase classname="ecomm.TestCases.LoginTest" name="@AfterMethod Terminate" time="-1.723385435778E9">
    <skipped/>
  </testcase> <!-- @AfterMethod Terminate -->
  <testcase classname="ecomm.TestCases.HomePageTest" name="@BeforeMethod Setup" time="-1.72338543578E9">
    <skipped/>
  </testcase> <!-- @BeforeMethod Setup -->
  <testcase classname="ecomm.TestCases.HomePageTest" name="@AfterMethod Terminate" time="-1.723385435784E9">
    <skipped/>
  </testcase> <!-- @AfterMethod Terminate -->
  <testcase classname="ecomm.TestCases.HomePageTest" name="@BeforeMethod Setup" time="-1.723385435786E9">
    <skipped/>
  </testcase> <!-- @BeforeMethod Setup -->
  <testcase classname="ecomm.TestCases.HomePageTest" name="@AfterMethod Terminate" time="-1.72338543579E9">
    <skipped/>
  </testcase> <!-- @AfterMethod Terminate -->
  <testcase classname="ecomm.TestCases.HomePageTest" name="@BeforeMethod Setup" time="-1.723385435791E9">
    <skipped/>
  </testcase> <!-- @BeforeMethod Setup -->
  <testcase classname="ecomm.TestCases.HomePageTest" name="@AfterMethod Terminate" time="-1.723385435794E9">
    <skipped/>
  </testcase> <!-- @AfterMethod Terminate -->
  <testcase classname="ecomm.TestCases.CheckOutTest" name="Check_Check_Out_Page_Title_Test" time="0.0">
    <skipped/>
  </testcase> <!-- Check_Check_Out_Page_Title_Test -->
  <testcase classname="ecomm.TestCases.HomePageTest" name="Verify_HomepageTitle" time="0.0">
    <skipped/>
  </testcase> <!-- Verify_HomepageTitle -->
  <testcase classname="ecomm.TestCases.LoginTest" name="Verify_Title" time="0.0">
    <skipped/>
  </testcase> <!-- Verify_Title -->
  <testcase classname="ecomm.TestCases.AccountPageTest" name="Verify_Title" time="0.0">
    <skipped/>
  </testcase> <!-- Verify_Title -->
  <testcase classname="ecomm.TestCases.SalePageTest" name="Verify_Title" time="0.0">
    <skipped/>
  </testcase> <!-- Verify_Title -->
  <testcase classname="ecomm.TestCases.ProductDetailPageTest" name="Verify_Title" time="0.0">
    <skipped/>
  </testcase> <!-- Verify_Title -->
  <testcase classname="ecomm.TestCases.CheckOutTest" name="CheckOutRequiredFieldValidationTest" time="0.0">
    <skipped/>
  </testcase> <!-- CheckOutRequiredFieldValidationTest -->
  <testcase classname="ecomm.TestCases.AccountPageTest" name="Click_on_Sale_Link" time="0.0">
    <skipped/>
  </testcase> <!-- Click_on_Sale_Link -->
  <testcase classname="ecomm.TestCases.SalePageTest" name="Click_on_Sale_Link" time="0.0">
    <skipped/>
  </testcase> <!-- Click_on_Sale_Link -->
  <testcase classname="ecomm.TestCases.ProductDetailPageTest" name="Verify_Cart_Functionality" time="0.0">
    <skipped/>
  </testcase> <!-- Verify_Cart_Functionality -->
  <testcase classname="ecomm.TestCases.HomePageTest" name="Verify_HomepageLogo" time="0.0">
    <skipped/>
  </testcase> <!-- Verify_HomepageLogo -->
  <testcase classname="ecomm.TestCases.LoginTest" name="login" time="0.0">
    <skipped/>
  </testcase> <!-- login -->
  <testcase classname="ecomm.TestCases.ProductDetailPageTest" name="Click_on_Addtobag_Button" time="0.0">
    <skipped/>
  </testcase> <!-- Click_on_Addtobag_Button -->
  <testcase classname="ecomm.TestCases.CheckOutTest" name="VerifyCheckOutFunctionalitywithNagativeValueTest" time="0.0">
    <skipped/>
  </testcase> <!-- VerifyCheckOutFunctionalitywithNagativeValueTest -->
  <testcase classname="ecomm.TestCases.CheckOutTest" name="VerifyCheckOutFunctionalitywithNagativeValueTest" time="0.0">
    <skipped/>
  </testcase> <!-- VerifyCheckOutFunctionalitywithNagativeValueTest -->
  <testcase classname="ecomm.TestCases.CheckOutTest" name="VerifyCheckOutFunctionalitywithNagativeValueTest" time="0.0">
    <skipped/>
  </testcase> <!-- VerifyCheckOutFunctionalitywithNagativeValueTest -->
  <testcase classname="ecomm.TestCases.HomePageTest" name="Verify_HomepageHeader" time="0.0">
    <skipped/>
  </testcase> <!-- Verify_HomepageHeader -->
  <testcase classname="ecomm.TestCases.LoginTest" name="Verify_ProductList" time="0.0">
    <skipped/>
  </testcase> <!-- Verify_ProductList -->
  <testcase classname="ecomm.TestCases.HomePageTest" name="Verify_HomepageFooter" time="0.0">
    <skipped/>
  </testcase> <!-- Verify_HomepageFooter -->
  <testcase classname="ecomm.TestCases.HomePageTest" name="Verify_user_icon" time="0.0">
    <skipped/>
  </testcase> <!-- Verify_user_icon -->
  <testcase classname="ecomm.TestCases.HomePageTest" name="Verify_SearchFunctionality" time="0.0">
    <skipped/>
  </testcase> <!-- Verify_SearchFunctionality -->
</testsuite> <!-- Check Add To Cart Items -->
