<?xml version="1.0" encoding="UTF-8"?>
<!-- Generated by org.testng.reporters.JUnitXMLReporter -->
<testsuite ignored="0" hostname="AIPLLAP423" failures="0" tests="19" name="Check Add To Cart Items" time="0.384" errors="0" timestamp="2024-07-30T10:48:52 IST">
  <testcase classname="ecomm.TestCases.HomePageTest" name="@BeforeMethod Setup" time="0.013">
    <failure type="java.lang.NullPointerException" message="Cannot invoke &amp;quot;String.equals(Object)&amp;quot; because &amp;quot;Browsers&amp;quot; is null">
      <![CDATA[java.lang.NullPointerException: Cannot invoke "String.equals(Object)" because "Browsers" is null
at ecomm.Base.TestBase.initilization(TestBase.java:38)
at ecomm.TestCases.HomePageTest.Setup(HomePageTest.java:26)
at java.base/java.util.ArrayList.forEach(ArrayList.java:1511)
... Removed 31 stack frames]]>
    </failure>
  </testcase> <!-- @BeforeMethod Setup -->
  <testcase classname="ecomm.TestCases.HomePageTest" name="@AfterMethod Terminate" time="-1.722316732265E9">
    <skipped/>
  </testcase> <!-- @AfterMethod Terminate -->
  <testcase classname="ecomm.TestCases.HomePageTest" name="@BeforeMethod Setup" time="-1.722316732271E9">
    <skipped/>
  </testcase> <!-- @BeforeMethod Setup -->
  <testcase classname="ecomm.TestCases.HomePageTest" name="@AfterMethod Terminate" time="-1.72231673228E9">
    <skipped/>
  </testcase> <!-- @AfterMethod Terminate -->
  <testcase classname="ecomm.TestCases.HomePageTest" name="@BeforeMethod Setup" time="-1.722316732283E9">
    <skipped/>
  </testcase> <!-- @BeforeMethod Setup -->
  <testcase classname="ecomm.TestCases.HomePageTest" name="@AfterMethod Terminate" time="-1.722316732291E9">
    <skipped/>
  </testcase> <!-- @AfterMethod Terminate -->
  <testcase classname="ecomm.TestCases.HomePageTest" name="@BeforeMethod Setup" time="-1.722316732294E9">
    <skipped/>
  </testcase> <!-- @BeforeMethod Setup -->
  <testcase classname="ecomm.TestCases.HomePageTest" name="@AfterMethod Terminate" time="-1.722316732301E9">
    <skipped/>
  </testcase> <!-- @AfterMethod Terminate -->
  <testcase classname="ecomm.TestCases.HomePageTest" name="@BeforeMethod Setup" time="-1.722316732305E9">
    <skipped/>
  </testcase> <!-- @BeforeMethod Setup -->
  <testcase classname="ecomm.TestCases.HomePageTest" name="@AfterMethod Terminate" time="-1.722316732315E9">
    <skipped/>
  </testcase> <!-- @AfterMethod Terminate -->
  <testcase classname="ecomm.TestCases.HomePageTest" name="@BeforeMethod Setup" time="-1.722316732318E9">
    <skipped/>
  </testcase> <!-- @BeforeMethod Setup -->
  <testcase classname="ecomm.TestCases.HomePageTest" name="@AfterMethod Terminate" time="-1.722316732327E9">
    <skipped/>
  </testcase> <!-- @AfterMethod Terminate -->
  <testcase classname="ecomm.TestCases.LoginTest" name="@BeforeMethod setup" time="0.001">
    <failure type="java.lang.NullPointerException" message="Cannot invoke &amp;quot;String.equals(Object)&amp;quot; because &amp;quot;Browsers&amp;quot; is null">
      <![CDATA[java.lang.NullPointerException: Cannot invoke "String.equals(Object)" because "Browsers" is null
at ecomm.Base.TestBase.initilization(TestBase.java:38)
at ecomm.TestCases.LoginTest.setup(LoginTest.java:26)
at java.base/java.util.ArrayList.forEach(ArrayList.java:1511)
... Removed 31 stack frames]]>
    </failure>
  </testcase> <!-- @BeforeMethod setup -->
  <testcase classname="ecomm.TestCases.LoginTest" name="@AfterMethod Terminate" time="-1.722316732344E9">
    <skipped/>
  </testcase> <!-- @AfterMethod Terminate -->
  <testcase classname="ecomm.TestCases.LoginTest" name="@BeforeMethod setup" time="-1.722316732349E9">
    <skipped/>
  </testcase> <!-- @BeforeMethod setup -->
  <testcase classname="ecomm.TestCases.LoginTest" name="@AfterMethod Terminate" time="-1.722316732359E9">
    <skipped/>
  </testcase> <!-- @AfterMethod Terminate -->
  <testcase classname="ecomm.TestCases.LoginTest" name="@BeforeMethod setup" time="-1.722316732365E9">
    <skipped/>
  </testcase> <!-- @BeforeMethod setup -->
  <testcase classname="ecomm.TestCases.LoginTest" name="@AfterMethod Terminate" time="-1.722316732373E9">
    <skipped/>
  </testcase> <!-- @AfterMethod Terminate -->
  <testcase classname="ecomm.TestCases.AccountPageTest" name="@BeforeMethod setup" time="0.001">
    <failure type="java.lang.NullPointerException" message="Cannot invoke &amp;quot;String.equals(Object)&amp;quot; because &amp;quot;Browsers&amp;quot; is null">
      <![CDATA[java.lang.NullPointerException: Cannot invoke "String.equals(Object)" because "Browsers" is null
at ecomm.Base.TestBase.initilization(TestBase.java:38)
at ecomm.TestCases.AccountPageTest.setup(AccountPageTest.java:27)
at java.base/java.util.ArrayList.forEach(ArrayList.java:1511)
... Removed 31 stack frames]]>
    </failure>
  </testcase> <!-- @BeforeMethod setup -->
  <testcase classname="ecomm.TestCases.AccountPageTest" name="@AfterMethod terminate" time="-1.72231673239E9">
    <skipped/>
  </testcase> <!-- @AfterMethod terminate -->
  <testcase classname="ecomm.TestCases.AccountPageTest" name="@BeforeMethod setup" time="-1.722316732394E9">
    <skipped/>
  </testcase> <!-- @BeforeMethod setup -->
  <testcase classname="ecomm.TestCases.AccountPageTest" name="@AfterMethod terminate" time="-1.722316732402E9">
    <skipped/>
  </testcase> <!-- @AfterMethod terminate -->
  <testcase classname="ecomm.TestCases.SalePageTest" name="@BeforeMethod setup" time="0.0">
    <failure type="java.lang.NullPointerException" message="Cannot invoke &amp;quot;String.equals(Object)&amp;quot; because &amp;quot;Browsers&amp;quot; is null">
      <![CDATA[java.lang.NullPointerException: Cannot invoke "String.equals(Object)" because "Browsers" is null
at ecomm.Base.TestBase.initilization(TestBase.java:38)
at ecomm.TestCases.SalePageTest.setup(SalePageTest.java:30)
at java.base/java.util.ArrayList.forEach(ArrayList.java:1511)
... Removed 31 stack frames]]>
    </failure>
  </testcase> <!-- @BeforeMethod setup -->
  <testcase classname="ecomm.TestCases.SalePageTest" name="@AfterMethod terminate" time="-1.722316732415E9">
    <skipped/>
  </testcase> <!-- @AfterMethod terminate -->
  <testcase classname="ecomm.TestCases.SalePageTest" name="@BeforeMethod setup" time="-1.722316732418E9">
    <skipped/>
  </testcase> <!-- @BeforeMethod setup -->
  <testcase classname="ecomm.TestCases.SalePageTest" name="@AfterMethod terminate" time="-1.722316732427E9">
    <skipped/>
  </testcase> <!-- @AfterMethod terminate -->
  <testcase classname="ecomm.TestCases.ProductDetailPageTest" name="@BeforeMethod setup" time="0.0">
    <failure type="java.lang.NullPointerException" message="Cannot invoke &amp;quot;String.equals(Object)&amp;quot; because &amp;quot;Browsers&amp;quot; is null">
      <![CDATA[java.lang.NullPointerException: Cannot invoke "String.equals(Object)" because "Browsers" is null
at ecomm.Base.TestBase.initilization(TestBase.java:38)
at ecomm.TestCases.ProductDetailPageTest.setup(ProductDetailPageTest.java:31)
at java.base/java.util.ArrayList.forEach(ArrayList.java:1511)
... Removed 31 stack frames]]>
    </failure>
  </testcase> <!-- @BeforeMethod setup -->
  <testcase classname="ecomm.TestCases.ProductDetailPageTest" name="@AfterMethod Terminate" time="-1.722316732436E9">
    <skipped/>
  </testcase> <!-- @AfterMethod Terminate -->
  <testcase classname="ecomm.TestCases.ProductDetailPageTest" name="@BeforeMethod setup" time="-1.722316732439E9">
    <skipped/>
  </testcase> <!-- @BeforeMethod setup -->
  <testcase classname="ecomm.TestCases.ProductDetailPageTest" name="@AfterMethod Terminate" time="-1.722316732444E9">
    <skipped/>
  </testcase> <!-- @AfterMethod Terminate -->
  <testcase classname="ecomm.TestCases.ProductDetailPageTest" name="@BeforeMethod setup" time="-1.722316732446E9">
    <skipped/>
  </testcase> <!-- @BeforeMethod setup -->
  <testcase classname="ecomm.TestCases.ProductDetailPageTest" name="@AfterMethod Terminate" time="-1.72231673245E9">
    <skipped/>
  </testcase> <!-- @AfterMethod Terminate -->
  <testcase classname="ecomm.TestCases.CheckOutTest" name="@BeforeMethod setup" time="0.001">
    <failure type="java.lang.NullPointerException" message="Cannot invoke &amp;quot;String.equals(Object)&amp;quot; because &amp;quot;Browsers&amp;quot; is null">
      <![CDATA[java.lang.NullPointerException: Cannot invoke "String.equals(Object)" because "Browsers" is null
at ecomm.Base.TestBase.initilization(TestBase.java:38)
at ecomm.TestCases.CheckOutTest.setup(CheckOutTest.java:36)
at java.base/java.util.ArrayList.forEach(ArrayList.java:1511)
... Removed 31 stack frames]]>
    </failure>
  </testcase> <!-- @BeforeMethod setup -->
  <testcase classname="ecomm.TestCases.CheckOutTest" name="@AfterMethod terminate" time="-1.722316732459E9">
    <skipped/>
  </testcase> <!-- @AfterMethod terminate -->
  <testcase classname="ecomm.TestCases.CheckOutTest" name="@BeforeMethod setup" time="-1.722316732461E9">
    <skipped/>
  </testcase> <!-- @BeforeMethod setup -->
  <testcase classname="ecomm.TestCases.CheckOutTest" name="@AfterMethod terminate" time="-1.722316732466E9">
    <skipped/>
  </testcase> <!-- @AfterMethod terminate -->
  <testcase classname="ecomm.TestCases.HomePageTest" name="Verify_HomepageTitle" time="0.0">
    <skipped/>
  </testcase> <!-- Verify_HomepageTitle -->
  <testcase classname="ecomm.TestCases.HomePageTest" name="Verify_HomepageLogo" time="0.0">
    <skipped/>
  </testcase> <!-- Verify_HomepageLogo -->
  <testcase classname="ecomm.TestCases.HomePageTest" name="Verify_HomepageHeader" time="0.0">
    <skipped/>
  </testcase> <!-- Verify_HomepageHeader -->
  <testcase classname="ecomm.TestCases.HomePageTest" name="Verify_HomepageFooter" time="0.0">
    <skipped/>
  </testcase> <!-- Verify_HomepageFooter -->
  <testcase classname="ecomm.TestCases.HomePageTest" name="Verify_user_icon" time="0.0">
    <skipped/>
  </testcase> <!-- Verify_user_icon -->
  <testcase classname="ecomm.TestCases.HomePageTest" name="Verify_SearchFunctionality" time="0.0">
    <skipped/>
  </testcase> <!-- Verify_SearchFunctionality -->
  <testcase classname="ecomm.TestCases.LoginTest" name="Verify_Title" time="0.0">
    <skipped/>
  </testcase> <!-- Verify_Title -->
  <testcase classname="ecomm.TestCases.LoginTest" name="login" time="0.0">
    <skipped/>
  </testcase> <!-- login -->
  <testcase classname="ecomm.TestCases.LoginTest" name="Verify_ProductList" time="0.0">
    <skipped/>
  </testcase> <!-- Verify_ProductList -->
  <testcase classname="ecomm.TestCases.AccountPageTest" name="Verify_Title" time="0.0">
    <skipped/>
  </testcase> <!-- Verify_Title -->
  <testcase classname="ecomm.TestCases.AccountPageTest" name="Click_on_Sale_Link" time="0.0">
    <skipped/>
  </testcase> <!-- Click_on_Sale_Link -->
  <testcase classname="ecomm.TestCases.SalePageTest" name="Verify_Title" time="0.0">
    <skipped/>
  </testcase> <!-- Verify_Title -->
  <testcase classname="ecomm.TestCases.SalePageTest" name="Click_on_Sale_Link" time="0.0">
    <skipped/>
  </testcase> <!-- Click_on_Sale_Link -->
  <testcase classname="ecomm.TestCases.ProductDetailPageTest" name="Verify_Title" time="0.0">
    <skipped/>
  </testcase> <!-- Verify_Title -->
  <testcase classname="ecomm.TestCases.ProductDetailPageTest" name="Verify_Cart_Functionality" time="0.0">
    <skipped/>
  </testcase> <!-- Verify_Cart_Functionality -->
  <testcase classname="ecomm.TestCases.ProductDetailPageTest" name="Click_on_Addtobag_Button" time="0.0">
    <skipped/>
  </testcase> <!-- Click_on_Addtobag_Button -->
  <testcase classname="ecomm.TestCases.CheckOutTest" name="Check_Check_Out_Page_Title_Test" time="0.0">
    <skipped/>
  </testcase> <!-- Check_Check_Out_Page_Title_Test -->
  <testcase classname="ecomm.TestCases.CheckOutTest" name="CheckOutRequiredFieldValidationTest" time="0.0">
    <skipped/>
  </testcase> <!-- CheckOutRequiredFieldValidationTest -->
  <testcase classname="ecomm.TestCases.CheckOutTest" name="VerifyCheckOutFunctionalitywithNagativeValueTest" time="0.0">
    <skipped/>
  </testcase> <!-- VerifyCheckOutFunctionalitywithNagativeValueTest -->
</testsuite> <!-- Check Add To Cart Items -->
