<?xml version="1.0" encoding="UTF-8"?>
<testng-results ignored="1" total="2" passed="1" failed="0" skipped="0">
  <reporter-output>
  </reporter-output>
  <suite started-at="2024-07-22T19:39:51 IST" name="Default suite" finished-at="2024-07-22T19:40:40 IST" duration-ms="49449">
    <groups>
    </groups>
    <test started-at="2024-07-22T19:39:51 IST" name="Default test" finished-at="2024-07-22T19:40:40 IST" duration-ms="49449">
      <class name="e2logy.TestCases.SalePageTest">
        <test-method is-config="true" signature="setup()[pri:0, instance:e2logy.TestCases.SalePageTest@1da2cb77]" started-at="2024-07-22T19:39:51 IST" name="setup" finished-at="2024-07-22T19:40:33 IST" duration-ms="41883" status="PASS">
          <reporter-output>
          </reporter-output>
        </test-method> <!-- setup -->
        <test-method signature="Click_on_Sale_Link()[pri:2, instance:e2logy.TestCases.SalePageTest@1da2cb77]" started-at="2024-07-22T19:40:33 IST" name="Click_on_Sale_Link" finished-at="2024-07-22T19:40:39 IST" duration-ms="6038" status="PASS">
          <reporter-output>
          </reporter-output>
        </test-method> <!-- Click_on_Sale_Link -->
        <test-method is-config="true" signature="terminate()[pri:0, instance:e2logy.TestCases.SalePageTest@1da2cb77]" started-at="2024-07-22T19:40:39 IST" name="terminate" finished-at="2024-07-22T19:40:40 IST" duration-ms="1441" status="PASS">
          <reporter-output>
          </reporter-output>
        </test-method> <!-- terminate -->
      </class> <!-- e2logy.TestCases.SalePageTest -->
    </test> <!-- Default test -->
  </suite> <!-- Default suite -->
</testng-results>
